

Microchip MPLAB XC8 Assembler V2.40 build 20220703182018 
                                                                                               Wed Aug 02 22:49:41 2023

Microchip MPLAB XC8 C Compiler v2.40 (Free license) build 20220703182018 Og1 
     1                           	processor	16F887
     2                           	pagewidth 120
     3                           	opt	flic
     4                           	psect	cinit,global,class=CODE,merge=1,delta=2
     5                           	psect	cstackCOMMON,global,class=COMMON,space=1,delta=1,noexec
     6                           	psect	cstackBANK0,global,class=BANK0,space=1,delta=1,noexec
     7                           	psect	maintext,global,class=CODE,split=1,delta=2
     8                           	psect	text1,local,class=CODE,merge=1,delta=2
     9                           	psect	text2,local,class=CODE,merge=1,delta=2
    10                           	psect	text3,local,class=CODE,merge=1,delta=2,group=1
    11                           	psect	text4,local,class=CODE,merge=1,delta=2
    12                           	psect	text5,local,class=CODE,merge=1,delta=2
    13                           	psect	text6,local,class=CODE,merge=1,delta=2
    14                           	psect	text7,local,class=CODE,merge=1,delta=2
    15                           	psect	text8,local,class=CODE,merge=1,delta=2
    16                           	psect	idloc,global,abs,ovrld,class=IDLOC,space=5,delta=2,noexec
    17                           	psect	config,global,abs,ovrld,class=CONFIG,space=4,delta=2,noexec
    18                           	dabs	1,0x7E,2
    19     0000                     
    20                           ; Version 2.40
    21                           ; Generated 17/11/2021 GMT
    22                           ; 
    23                           ; Copyright © 2021, Microchip Technology Inc. and its subsidiaries ("Microchip")
    24                           ; All rights reserved.
    25                           ; 
    26                           ; This software is developed by Microchip Technology Inc. and its subsidiaries ("Microch
      +                          ip").
    27                           ; 
    28                           ; Redistribution and use in source and binary forms, with or without modification, are
    29                           ; permitted provided that the following conditions are met:
    30                           ; 
    31                           ;     1. Redistributions of source code must retain the above copyright notice, this lis
      +                          t of
    32                           ;        conditions and the following disclaimer.
    33                           ; 
    34                           ;     2. Redistributions in binary form must reproduce the above copyright notice, this 
      +                          list
    35                           ;        of conditions and the following disclaimer in the documentation and/or other
    36                           ;        materials provided with the distribution. Publication is not required when
    37                           ;        this file is used in an embedded application.
    38                           ; 
    39                           ;     3. Microchip's name may not be used to endorse or promote products derived from th
      +                          is
    40                           ;        software without specific prior written permission.
    41                           ; 
    42                           ; THIS SOFTWARE IS PROVIDED BY MICROCHIP "AS IS" AND ANY EXPRESS OR IMPLIED WARRANTIES,
    43                           ; INCLUDING, BUT NOT LIMITED TO, THE IMPLIED WARRANTIES OF MERCHANTABILITY AND FITNESS F
      +                          OR
    44                           ; PURPOSE ARE DISCLAIMED.  IN NO EVENT SHALL MICROCHIP BE LIABLE FOR ANY DIRECT, INDIREC
      +                          T,
    45                           ; INCIDENTAL, SPECIAL, EXEMPLARY, OR CONSEQUENTIAL DAMAGES (INCLUDING BUT NOT LIMITED TO
    46                           ; PROCUREMENT OF SUBSTITUTE GOODS OR SERVICES; LOSS OF USE, DATA OR PROFITS; OR BUSINESS
    47                           ; INTERRUPTION) HOWSOEVER CAUSED AND ON ANY THEORY OF LIABILITY, WHETHER IN CONTRACT, ST
      +                          RICT
    48                           ; LIABILITY, OR TORT (INCLUDING NEGLIGENCE OR OTHERWISE) ARISING IN ANY WAY OUT OF THE U
      +                          SE OF
    49                           ; THIS SOFTWARE, EVEN IF ADVISED OF THE POSSIBILITY OF SUCH DAMAGE.
    50                           ; 
    51                           ; 
    52                           ; Code-generator required, PIC16F887 Definitions
    53                           ; 
    54                           ; SFR Addresses
    55     0000                     	;# 
    56     0001                     	;# 
    57     0002                     	;# 
    58     0003                     	;# 
    59     0004                     	;# 
    60     0005                     	;# 
    61     0006                     	;# 
    62     0007                     	;# 
    63     0008                     	;# 
    64     0009                     	;# 
    65     000A                     	;# 
    66     000B                     	;# 
    67     000C                     	;# 
    68     000D                     	;# 
    69     000E                     	;# 
    70     000E                     	;# 
    71     000F                     	;# 
    72     0010                     	;# 
    73     0011                     	;# 
    74     0012                     	;# 
    75     0013                     	;# 
    76     0014                     	;# 
    77     0015                     	;# 
    78     0015                     	;# 
    79     0016                     	;# 
    80     0017                     	;# 
    81     0018                     	;# 
    82     0019                     	;# 
    83     001A                     	;# 
    84     001B                     	;# 
    85     001B                     	;# 
    86     001C                     	;# 
    87     001D                     	;# 
    88     001E                     	;# 
    89     001F                     	;# 
    90     0081                     	;# 
    91     0085                     	;# 
    92     0086                     	;# 
    93     0087                     	;# 
    94     0088                     	;# 
    95     0089                     	;# 
    96     008C                     	;# 
    97     008D                     	;# 
    98     008E                     	;# 
    99     008F                     	;# 
   100     0090                     	;# 
   101     0091                     	;# 
   102     0092                     	;# 
   103     0093                     	;# 
   104     0093                     	;# 
   105     0093                     	;# 
   106     0094                     	;# 
   107     0095                     	;# 
   108     0096                     	;# 
   109     0097                     	;# 
   110     0098                     	;# 
   111     0099                     	;# 
   112     009A                     	;# 
   113     009B                     	;# 
   114     009C                     	;# 
   115     009D                     	;# 
   116     009E                     	;# 
   117     009F                     	;# 
   118     0105                     	;# 
   119     0107                     	;# 
   120     0108                     	;# 
   121     0109                     	;# 
   122     010C                     	;# 
   123     010C                     	;# 
   124     010D                     	;# 
   125     010E                     	;# 
   126     010F                     	;# 
   127     0185                     	;# 
   128     0187                     	;# 
   129     0188                     	;# 
   130     0189                     	;# 
   131     018C                     	;# 
   132     018D                     	;# 
   133     0000                     	;# 
   134     0001                     	;# 
   135     0002                     	;# 
   136     0003                     	;# 
   137     0004                     	;# 
   138     0005                     	;# 
   139     0006                     	;# 
   140     0007                     	;# 
   141     0008                     	;# 
   142     0009                     	;# 
   143     000A                     	;# 
   144     000B                     	;# 
   145     000C                     	;# 
   146     000D                     	;# 
   147     000E                     	;# 
   148     000E                     	;# 
   149     000F                     	;# 
   150     0010                     	;# 
   151     0011                     	;# 
   152     0012                     	;# 
   153     0013                     	;# 
   154     0014                     	;# 
   155     0015                     	;# 
   156     0015                     	;# 
   157     0016                     	;# 
   158     0017                     	;# 
   159     0018                     	;# 
   160     0019                     	;# 
   161     001A                     	;# 
   162     001B                     	;# 
   163     001B                     	;# 
   164     001C                     	;# 
   165     001D                     	;# 
   166     001E                     	;# 
   167     001F                     	;# 
   168     0081                     	;# 
   169     0085                     	;# 
   170     0086                     	;# 
   171     0087                     	;# 
   172     0088                     	;# 
   173     0089                     	;# 
   174     008C                     	;# 
   175     008D                     	;# 
   176     008E                     	;# 
   177     008F                     	;# 
   178     0090                     	;# 
   179     0091                     	;# 
   180     0092                     	;# 
   181     0093                     	;# 
   182     0093                     	;# 
   183     0093                     	;# 
   184     0094                     	;# 
   185     0095                     	;# 
   186     0096                     	;# 
   187     0097                     	;# 
   188     0098                     	;# 
   189     0099                     	;# 
   190     009A                     	;# 
   191     009B                     	;# 
   192     009C                     	;# 
   193     009D                     	;# 
   194     009E                     	;# 
   195     009F                     	;# 
   196     0105                     	;# 
   197     0107                     	;# 
   198     0108                     	;# 
   199     0109                     	;# 
   200     010C                     	;# 
   201     010C                     	;# 
   202     010D                     	;# 
   203     010E                     	;# 
   204     010F                     	;# 
   205     0185                     	;# 
   206     0187                     	;# 
   207     0188                     	;# 
   208     0189                     	;# 
   209     018C                     	;# 
   210     018D                     	;# 
   211     0000                     	;# 
   212     0001                     	;# 
   213     0002                     	;# 
   214     0003                     	;# 
   215     0004                     	;# 
   216     0005                     	;# 
   217     0006                     	;# 
   218     0007                     	;# 
   219     0008                     	;# 
   220     0009                     	;# 
   221     000A                     	;# 
   222     000B                     	;# 
   223     000C                     	;# 
   224     000D                     	;# 
   225     000E                     	;# 
   226     000E                     	;# 
   227     000F                     	;# 
   228     0010                     	;# 
   229     0011                     	;# 
   230     0012                     	;# 
   231     0013                     	;# 
   232     0014                     	;# 
   233     0015                     	;# 
   234     0015                     	;# 
   235     0016                     	;# 
   236     0017                     	;# 
   237     0018                     	;# 
   238     0019                     	;# 
   239     001A                     	;# 
   240     001B                     	;# 
   241     001B                     	;# 
   242     001C                     	;# 
   243     001D                     	;# 
   244     001E                     	;# 
   245     001F                     	;# 
   246     0081                     	;# 
   247     0085                     	;# 
   248     0086                     	;# 
   249     0087                     	;# 
   250     0088                     	;# 
   251     0089                     	;# 
   252     008C                     	;# 
   253     008D                     	;# 
   254     008E                     	;# 
   255     008F                     	;# 
   256     0090                     	;# 
   257     0091                     	;# 
   258     0092                     	;# 
   259     0093                     	;# 
   260     0093                     	;# 
   261     0093                     	;# 
   262     0094                     	;# 
   263     0095                     	;# 
   264     0096                     	;# 
   265     0097                     	;# 
   266     0098                     	;# 
   267     0099                     	;# 
   268     009A                     	;# 
   269     009B                     	;# 
   270     009C                     	;# 
   271     009D                     	;# 
   272     009E                     	;# 
   273     009F                     	;# 
   274     0105                     	;# 
   275     0107                     	;# 
   276     0108                     	;# 
   277     0109                     	;# 
   278     010C                     	;# 
   279     010C                     	;# 
   280     010D                     	;# 
   281     010E                     	;# 
   282     010F                     	;# 
   283     0185                     	;# 
   284     0187                     	;# 
   285     0188                     	;# 
   286     0189                     	;# 
   287     018C                     	;# 
   288     018D                     	;# 
   289     0013                     _SSPBUF	set	19
   290     0014                     _SSPCON	set	20
   291     0008                     _PORTD	set	8
   292     0006                     _PORTB	set	6
   293     0063                     _SSPIF	set	99
   294     005E                     _PEIE	set	94
   295     005F                     _GIE	set	95
   296     0091                     _SSPCON2bits	set	145
   297     0087                     _TRISCbits	set	135
   298     0094                     _SSPSTAT	set	148
   299     0093                     _SSPADD	set	147
   300     0091                     _SSPCON2	set	145
   301     008F                     _OSCCONbits	set	143
   302     0088                     _TRISD	set	136
   303     0086                     _TRISB	set	134
   304     0463                     _SSPIE	set	1123
   305     043C                     _TRISC4	set	1084
   306     043B                     _TRISC3	set	1083
   307     0189                     _ANSELH	set	393
   308     0188                     _ANSEL	set	392
   309                           
   310                           	psect	cinit
   311     07FC                     start_initialization:	
   312                           ; #config settings
   313                           
   314     07FC                     __initialization:
   315     07FC                     end_of_initialization:	
   316                           ;End of C runtime variable initialization code
   317                           
   318     07FC                     __end_of__initialization:
   319     07FC  0183               	clrf	3
   320     07FD  120A  118A  2F8F   	ljmp	_main	;jump to C main() function
   321                           
   322                           	psect	cstackCOMMON
   323     0070                     __pcstackCOMMON:
   324     0070                     ?_setup:
   325     0070                     ?_I2C_Master_Start:	
   326                           ; 1 bytes @ 0x0
   327                           
   328     0070                     ??_I2C_Master_Start:	
   329                           ; 1 bytes @ 0x0
   330                           
   331     0070                     ?_I2C_Master_Write:	
   332                           ; 1 bytes @ 0x0
   333                           
   334     0070                     ?_I2C_Master_Stop:	
   335                           ; 1 bytes @ 0x0
   336                           
   337     0070                     ??_I2C_Master_Stop:	
   338                           ; 1 bytes @ 0x0
   339                           
   340     0070                     ?_main:	
   341                           ; 1 bytes @ 0x0
   342                           
   343     0070                     ?_I2C_Master_Wait:	
   344                           ; 1 bytes @ 0x0
   345                           
   346     0070                     ??_I2C_Master_Wait:	
   347                           ; 1 bytes @ 0x0
   348                           
   349     0070                     ?_I2C_Master_Read:	
   350                           ; 1 bytes @ 0x0
   351                           
   352     0070                     ?___lldiv:	
   353                           ; 2 bytes @ 0x0
   354                           
   355     0070                     I2C_Master_Write@d:	
   356                           ; 4 bytes @ 0x0
   357                           
   358     0070                     I2C_Master_Read@a:	
   359                           ; 2 bytes @ 0x0
   360                           
   361     0070                     ___lldiv@divisor:	
   362                           ; 2 bytes @ 0x0
   363                           
   364                           
   365                           ; 4 bytes @ 0x0
   366     0070                     	ds	2
   367     0072                     ??_I2C_Master_Write:
   368     0072                     ??_I2C_Master_Read:	
   369                           ; 1 bytes @ 0x2
   370                           
   371                           
   372                           ; 1 bytes @ 0x2
   373     0072                     	ds	2
   374     0074                     I2C_Master_Read@temp:
   375     0074                     ___lldiv@dividend:	
   376                           ; 2 bytes @ 0x4
   377                           
   378                           
   379                           ; 4 bytes @ 0x4
   380     0074                     	ds	4
   381     0078                     ??___lldiv:
   382                           
   383                           ; 1 bytes @ 0x8
   384     0078                     	ds	1
   385     0079                     ___lldiv@quotient:
   386                           
   387                           ; 4 bytes @ 0x9
   388     0079                     	ds	4
   389     007D                     ___lldiv@counter:
   390                           
   391                           ; 1 bytes @ 0xD
   392     007D                     	ds	1
   393     007E                     ??_setup:
   394                           
   395                           	psect	cstackBANK0
   396     0020                     __pcstackBANK0:	
   397                           ; 1 bytes @ 0xE
   398                           
   399     0020                     ?_I2C_Master_Init:
   400     0020                     I2C_Master_Init@c:	
   401                           ; 1 bytes @ 0x0
   402                           
   403                           
   404                           ; 4 bytes @ 0x0
   405     0020                     	ds	4
   406     0024                     ??_I2C_Master_Init:
   407                           
   408                           ; 1 bytes @ 0x4
   409     0024                     	ds	4
   410     0028                     ??_main:
   411                           
   412                           ; 1 bytes @ 0x8
   413     0028                     	ds	3
   414                           
   415                           	psect	maintext
   416     078F                     __pmaintext:	
   417 ;;
   418 ;;Main: autosize = 0, tempsize = 3, incstack = 0, save=0
   419 ;;
   420 ;; *************** function _main *****************
   421 ;; Defined at:
   422 ;;		line 47 in file "Prelab4master.c"
   423 ;; Parameters:    Size  Location     Type
   424 ;;		None
   425 ;; Auto vars:     Size  Location     Type
   426 ;;		None
   427 ;; Return value:  Size  Location     Type
   428 ;;                  1    wreg      void 
   429 ;; Registers used:
   430 ;;		wreg, status,2, status,0, pclath, cstack
   431 ;; Tracked objects:
   432 ;;		On entry : B00/0
   433 ;;		On exit  : 0/0
   434 ;;		Unchanged: 0/0
   435 ;; Data sizes:     COMMON   BANK0   BANK1   BANK3   BANK2
   436 ;;      Params:         0       0       0       0       0
   437 ;;      Locals:         0       0       0       0       0
   438 ;;      Temps:          0       3       0       0       0
   439 ;;      Totals:         0       3       0       0       0
   440 ;;Total ram usage:        3 bytes
   441 ;; Hardware stack levels required when called: 3
   442 ;; This function calls:
   443 ;;		_I2C_Master_Read
   444 ;;		_I2C_Master_Start
   445 ;;		_I2C_Master_Stop
   446 ;;		_I2C_Master_Write
   447 ;;		_setup
   448 ;; This function is called by:
   449 ;;		Startup code after reset
   450 ;; This function uses a non-reentrant model
   451 ;;
   452                           
   453     078F                     _main:	
   454                           ;psect for function _main
   455                           
   456     078F                     l860:	
   457                           ;incstack = 0
   458                           ; Regs used in _main: [wreg+status,2+status,0+pclath+cstack]
   459                           
   460                           
   461                           ;Prelab4master.c: 48:     setup();
   462     078F  120A  118A  26A2  120A  118A  	fcall	_setup
   463     0794                     l33:	
   464                           ;Prelab4master.c: 49:     while(1){
   465                           
   466                           
   467                           ;Prelab4master.c: 50:         I2C_Master_Start();
   468     0794  120A  118A  2679  120A  118A  	fcall	_I2C_Master_Start
   469                           
   470                           ;Prelab4master.c: 51:         I2C_Master_Write(0x50);
   471     0799  3050               	movlw	80
   472     079A  00F0               	movwf	I2C_Master_Write@d
   473     079B  3000               	movlw	0
   474     079C  00F1               	movwf	I2C_Master_Write@d+1
   475     079D  120A  118A  268B  120A  118A  	fcall	_I2C_Master_Write
   476                           
   477                           ;Prelab4master.c: 52:         I2C_Master_Write(PORTB);
   478     07A2  1283               	bcf	3,5	;RP0=0, select bank0
   479     07A3  1303               	bcf	3,6	;RP1=0, select bank0
   480     07A4  0806               	movf	6,w	;volatile
   481     07A5  00A8               	movwf	??_main
   482     07A6  01A9               	clrf	??_main+1
   483     07A7  0828               	movf	??_main,w
   484     07A8  00F0               	movwf	I2C_Master_Write@d
   485     07A9  0829               	movf	??_main+1,w
   486     07AA  00F1               	movwf	I2C_Master_Write@d+1
   487     07AB  120A  118A  268B  120A  118A  	fcall	_I2C_Master_Write
   488                           
   489                           ;Prelab4master.c: 53:         I2C_Master_Stop();
   490     07B0  120A  118A  2682  120A  118A  	fcall	_I2C_Master_Stop
   491     07B5                     l862:
   492                           
   493                           ;Prelab4master.c: 54:         _delay((unsigned long)((200)*(8000000/4000.0)));
   494     07B5  3003               	movlw	3
   495     07B6  1283               	bcf	3,5	;RP0=0, select bank0
   496     07B7  1303               	bcf	3,6	;RP1=0, select bank0
   497     07B8  00AA               	movwf	??_main+2
   498     07B9  3008               	movlw	8
   499     07BA  00A9               	movwf	??_main+1
   500     07BB  3076               	movlw	118
   501     07BC  00A8               	movwf	??_main
   502     07BD                     u217:
   503     07BD  0BA8               	decfsz	??_main,f
   504     07BE  2FBD               	goto	u217
   505     07BF  0BA9               	decfsz	??_main+1,f
   506     07C0  2FBD               	goto	u217
   507     07C1  0BAA               	decfsz	??_main+2,f
   508     07C2  2FBD               	goto	u217
   509     07C3  0000               	nop
   510     07C4                     l864:
   511                           
   512                           ;Prelab4master.c: 56:         I2C_Master_Start();
   513     07C4  120A  118A  2679  120A  118A  	fcall	_I2C_Master_Start
   514     07C9                     l866:
   515                           
   516                           ;Prelab4master.c: 57:         I2C_Master_Write(0x51);
   517     07C9  3051               	movlw	81
   518     07CA  00F0               	movwf	I2C_Master_Write@d
   519     07CB  3000               	movlw	0
   520     07CC  00F1               	movwf	I2C_Master_Write@d+1
   521     07CD  120A  118A  268B  120A  118A  	fcall	_I2C_Master_Write
   522     07D2                     l868:
   523                           
   524                           ;Prelab4master.c: 58:         PORTD = I2C_Master_Read(0);
   525     07D2  3000               	movlw	0
   526     07D3  00F0               	movwf	I2C_Master_Read@a
   527     07D4  00F1               	movwf	I2C_Master_Read@a+1
   528     07D5  120A  118A  26C3  120A  118A  	fcall	_I2C_Master_Read
   529     07DA  0870               	movf	?_I2C_Master_Read,w
   530     07DB  1283               	bcf	3,5	;RP0=0, select bank0
   531     07DC  1303               	bcf	3,6	;RP1=0, select bank0
   532     07DD  0088               	movwf	8	;volatile
   533     07DE                     l870:
   534                           
   535                           ;Prelab4master.c: 59:         I2C_Master_Stop();
   536     07DE  120A  118A  2682  120A  118A  	fcall	_I2C_Master_Stop
   537     07E3                     l872:
   538                           
   539                           ;Prelab4master.c: 60:         _delay((unsigned long)((200)*(8000000/4000.0)));
   540     07E3  3003               	movlw	3
   541     07E4  1283               	bcf	3,5	;RP0=0, select bank0
   542     07E5  1303               	bcf	3,6	;RP1=0, select bank0
   543     07E6  00AA               	movwf	??_main+2
   544     07E7  3008               	movlw	8
   545     07E8  00A9               	movwf	??_main+1
   546     07E9  3076               	movlw	118
   547     07EA  00A8               	movwf	??_main
   548     07EB                     u227:
   549     07EB  0BA8               	decfsz	??_main,f
   550     07EC  2FEB               	goto	u227
   551     07ED  0BA9               	decfsz	??_main+1,f
   552     07EE  2FEB               	goto	u227
   553     07EF  0BAA               	decfsz	??_main+2,f
   554     07F0  2FEB               	goto	u227
   555     07F1  0000               	nop
   556     07F2                     l874:
   557                           
   558                           ;Prelab4master.c: 61:         PORTB++;
   559     07F2  3001               	movlw	1
   560     07F3  1283               	bcf	3,5	;RP0=0, select bank0
   561     07F4  1303               	bcf	3,6	;RP1=0, select bank0
   562     07F5  00A8               	movwf	??_main
   563     07F6  0828               	movf	??_main,w
   564     07F7  0786               	addwf	6,f	;volatile
   565     07F8  2F94               	goto	l33
   566     07F9  120A  118A  2800   	ljmp	start
   567     07FC                     __end_of_main:
   568                           
   569                           	psect	text1
   570     06A2                     __ptext1:	
   571 ;; *************** function _setup *****************
   572 ;; Defined at:
   573 ;;		line 68 in file "Prelab4master.c"
   574 ;; Parameters:    Size  Location     Type
   575 ;;		None
   576 ;; Auto vars:     Size  Location     Type
   577 ;;		None
   578 ;; Return value:  Size  Location     Type
   579 ;;                  1    wreg      void 
   580 ;; Registers used:
   581 ;;		wreg, status,2, status,0, pclath, cstack
   582 ;; Tracked objects:
   583 ;;		On entry : 0/0
   584 ;;		On exit  : 0/0
   585 ;;		Unchanged: 0/0
   586 ;; Data sizes:     COMMON   BANK0   BANK1   BANK3   BANK2
   587 ;;      Params:         0       0       0       0       0
   588 ;;      Locals:         0       0       0       0       0
   589 ;;      Temps:          0       0       0       0       0
   590 ;;      Totals:         0       0       0       0       0
   591 ;;Total ram usage:        0 bytes
   592 ;; Hardware stack levels used: 1
   593 ;; Hardware stack levels required when called: 2
   594 ;; This function calls:
   595 ;;		_I2C_Master_Init
   596 ;; This function is called by:
   597 ;;		_main
   598 ;; This function uses a non-reentrant model
   599 ;;
   600                           
   601     06A2                     _setup:	
   602                           ;psect for function _setup
   603                           
   604     06A2                     l832:	
   605                           ;incstack = 0
   606                           ; Regs used in _setup: [wreg+status,2+status,0+pclath+cstack]
   607                           
   608                           
   609                           ;Prelab4master.c: 69:     ANSEL = 0;
   610     06A2  1683               	bsf	3,5	;RP0=1, select bank3
   611     06A3  1703               	bsf	3,6	;RP1=1, select bank3
   612     06A4  0188               	clrf	8	;volatile
   613                           
   614                           ;Prelab4master.c: 70:     ANSELH = 0;
   615     06A5  0189               	clrf	9	;volatile
   616                           
   617                           ;Prelab4master.c: 71:     TRISB = 0;
   618     06A6  1683               	bsf	3,5	;RP0=1, select bank1
   619     06A7  1303               	bcf	3,6	;RP1=0, select bank1
   620     06A8  0186               	clrf	6	;volatile
   621                           
   622                           ;Prelab4master.c: 72:     TRISD = 0;
   623     06A9  0188               	clrf	8	;volatile
   624                           
   625                           ;Prelab4master.c: 73:     PORTB = 0;
   626     06AA  1283               	bcf	3,5	;RP0=0, select bank0
   627     06AB  1303               	bcf	3,6	;RP1=0, select bank0
   628     06AC  0186               	clrf	6	;volatile
   629                           
   630                           ;Prelab4master.c: 74:     PORTD = 0;
   631     06AD  0188               	clrf	8	;volatile
   632     06AE                     l834:
   633                           
   634                           ;Prelab4master.c: 76:     OSCCONbits.IRCF = 0b0111;
   635     06AE  3070               	movlw	112
   636     06AF  1683               	bsf	3,5	;RP0=1, select bank1
   637     06B0  1303               	bcf	3,6	;RP1=0, select bank1
   638     06B1  048F               	iorwf	15,f	;volatile
   639     06B2                     l836:
   640                           
   641                           ;Prelab4master.c: 77:     OSCCONbits.SCS = 1;
   642     06B2  140F               	bsf	15,0	;volatile
   643     06B3                     l838:
   644                           
   645                           ;Prelab4master.c: 78:     I2C_Master_Init(100000);
   646     06B3  3000               	movlw	0
   647     06B4  1283               	bcf	3,5	;RP0=0, select bank0
   648     06B5  1303               	bcf	3,6	;RP1=0, select bank0
   649     06B6  00A3               	movwf	I2C_Master_Init@c+3
   650     06B7  3001               	movlw	1
   651     06B8  00A2               	movwf	I2C_Master_Init@c+2
   652     06B9  3086               	movlw	134
   653     06BA  00A1               	movwf	I2C_Master_Init@c+1
   654     06BB  30A0               	movlw	160
   655     06BC  00A0               	movwf	I2C_Master_Init@c
   656     06BD  120A  118A  26F1  120A  118A  	fcall	_I2C_Master_Init
   657     06C2                     l39:
   658     06C2  0008               	return
   659     06C3                     __end_of_setup:
   660                           
   661                           	psect	text2
   662     06F1                     __ptext2:	
   663 ;; *************** function _I2C_Master_Init *****************
   664 ;; Defined at:
   665 ;;		line 16 in file "I2C.c"
   666 ;; Parameters:    Size  Location     Type
   667 ;;  c               4    0[BANK0 ] const unsigned long 
   668 ;; Auto vars:     Size  Location     Type
   669 ;;		None
   670 ;; Return value:  Size  Location     Type
   671 ;;                  1    wreg      void 
   672 ;; Registers used:
   673 ;;		wreg, status,2, status,0, pclath, cstack
   674 ;; Tracked objects:
   675 ;;		On entry : 0/0
   676 ;;		On exit  : 0/0
   677 ;;		Unchanged: 0/0
   678 ;; Data sizes:     COMMON   BANK0   BANK1   BANK3   BANK2
   679 ;;      Params:         0       4       0       0       0
   680 ;;      Locals:         0       0       0       0       0
   681 ;;      Temps:          0       4       0       0       0
   682 ;;      Totals:         0       8       0       0       0
   683 ;;Total ram usage:        8 bytes
   684 ;; Hardware stack levels used: 1
   685 ;; Hardware stack levels required when called: 1
   686 ;; This function calls:
   687 ;;		___lldiv
   688 ;; This function is called by:
   689 ;;		_setup
   690 ;; This function uses a non-reentrant model
   691 ;;
   692                           
   693     06F1                     _I2C_Master_Init:	
   694                           ;psect for function _I2C_Master_Init
   695                           
   696     06F1                     l820:	
   697                           ;incstack = 0
   698                           ; Regs used in _I2C_Master_Init: [wreg+status,2+status,0+pclath+cstack]
   699                           
   700                           
   701                           ;I2C.c: 16: void I2C_Master_Init(const unsigned long c);I2C.c: 17: {;I2C.c: 18:     SSPC
      +                          ON = 0b00101000;
   702     06F1  3028               	movlw	40
   703     06F2  1283               	bcf	3,5	;RP0=0, select bank0
   704     06F3  1303               	bcf	3,6	;RP1=0, select bank0
   705     06F4  0094               	movwf	20	;volatile
   706     06F5                     l822:
   707                           
   708                           ;I2C.c: 19:     SSPCON2 = 0;
   709     06F5  1683               	bsf	3,5	;RP0=1, select bank1
   710     06F6  1303               	bcf	3,6	;RP1=0, select bank1
   711     06F7  0191               	clrf	17	;volatile
   712     06F8                     l824:
   713                           
   714                           ;I2C.c: 20:     SSPADD = (8000000/(4*c))-1;
   715     06F8  1283               	bcf	3,5	;RP0=0, select bank0
   716     06F9  1303               	bcf	3,6	;RP1=0, select bank0
   717     06FA  0820               	movf	I2C_Master_Init@c,w
   718     06FB  00A4               	movwf	??_I2C_Master_Init
   719     06FC  0821               	movf	I2C_Master_Init@c+1,w
   720     06FD  00A5               	movwf	??_I2C_Master_Init+1
   721     06FE  0822               	movf	I2C_Master_Init@c+2,w
   722     06FF  00A6               	movwf	??_I2C_Master_Init+2
   723     0700  0823               	movf	I2C_Master_Init@c+3,w
   724     0701  00A7               	movwf	??_I2C_Master_Init+3
   725     0702  3002               	movlw	2
   726     0703                     u195:
   727     0703  1003               	clrc
   728     0704  0DA4               	rlf	??_I2C_Master_Init,f
   729     0705  0DA5               	rlf	??_I2C_Master_Init+1,f
   730     0706  0DA6               	rlf	??_I2C_Master_Init+2,f
   731     0707  0DA7               	rlf	??_I2C_Master_Init+3,f
   732     0708                     u190:
   733     0708  3EFF               	addlw	-1
   734     0709  1D03               	skipz
   735     070A  2F03               	goto	u195
   736     070B  0827               	movf	??_I2C_Master_Init+3,w
   737     070C  00F3               	movwf	___lldiv@divisor+3
   738     070D  0826               	movf	??_I2C_Master_Init+2,w
   739     070E  00F2               	movwf	___lldiv@divisor+2
   740     070F  0825               	movf	??_I2C_Master_Init+1,w
   741     0710  00F1               	movwf	___lldiv@divisor+1
   742     0711  0824               	movf	??_I2C_Master_Init,w
   743     0712  00F0               	movwf	___lldiv@divisor
   744     0713  3000               	movlw	0
   745     0714  00F7               	movwf	___lldiv@dividend+3
   746     0715  307A               	movlw	122
   747     0716  00F6               	movwf	___lldiv@dividend+2
   748     0717  3012               	movlw	18
   749     0718  00F5               	movwf	___lldiv@dividend+1
   750     0719  3000               	movlw	0
   751     071A  00F4               	movwf	___lldiv@dividend
   752     071B  120A  118A  2729  120A  118A  	fcall	___lldiv
   753     0720  0870               	movf	?___lldiv,w
   754     0721  3EFF               	addlw	255
   755     0722  1683               	bsf	3,5	;RP0=1, select bank1
   756     0723  1303               	bcf	3,6	;RP1=0, select bank1
   757     0724  0093               	movwf	19	;volatile
   758     0725                     l826:
   759                           
   760                           ;I2C.c: 21:     SSPSTAT = 0;
   761     0725  0194               	clrf	20	;volatile
   762     0726                     l828:
   763                           
   764                           ;I2C.c: 22:     TRISCbits.TRISC3 = 1;
   765     0726  1587               	bsf	7,3	;volatile
   766     0727                     l830:
   767                           
   768                           ;I2C.c: 23:     TRISCbits.TRISC4 = 1;
   769     0727  1607               	bsf	7,4	;volatile
   770     0728                     l68:
   771     0728  0008               	return
   772     0729                     __end_of_I2C_Master_Init:
   773                           
   774                           	psect	text3
   775     0729                     __ptext3:	
   776 ;; *************** function ___lldiv *****************
   777 ;; Defined at:
   778 ;;		line 5 in file "C:\Program Files\Microchip\xc8\v2.40\pic\sources\c90\common\__lldiv.c"
   779 ;; Parameters:    Size  Location     Type
   780 ;;  divisor         4    0[COMMON] unsigned long 
   781 ;;  dividend        4    4[COMMON] unsigned long 
   782 ;; Auto vars:     Size  Location     Type
   783 ;;  quotient        4    9[COMMON] unsigned long 
   784 ;;  counter         1   13[COMMON] unsigned char 
   785 ;; Return value:  Size  Location     Type
   786 ;;                  4    0[COMMON] unsigned long 
   787 ;; Registers used:
   788 ;;		wreg, status,2, status,0
   789 ;; Tracked objects:
   790 ;;		On entry : 0/0
   791 ;;		On exit  : 0/0
   792 ;;		Unchanged: 0/0
   793 ;; Data sizes:     COMMON   BANK0   BANK1   BANK3   BANK2
   794 ;;      Params:         8       0       0       0       0
   795 ;;      Locals:         5       0       0       0       0
   796 ;;      Temps:          1       0       0       0       0
   797 ;;      Totals:        14       0       0       0       0
   798 ;;Total ram usage:       14 bytes
   799 ;; Hardware stack levels used: 1
   800 ;; This function calls:
   801 ;;		Nothing
   802 ;; This function is called by:
   803 ;;		_I2C_Master_Init
   804 ;; This function uses a non-reentrant model
   805 ;;
   806                           
   807     0729                     ___lldiv:	
   808                           ;psect for function ___lldiv
   809                           
   810     0729                     l796:	
   811                           ;incstack = 0
   812                           ; Regs used in ___lldiv: [wreg+status,2+status,0]
   813                           
   814     0729  3000               	movlw	0
   815     072A  00FC               	movwf	___lldiv@quotient+3
   816     072B  3000               	movlw	0
   817     072C  00FB               	movwf	___lldiv@quotient+2
   818     072D  3000               	movlw	0
   819     072E  00FA               	movwf	___lldiv@quotient+1
   820     072F  3000               	movlw	0
   821     0730  00F9               	movwf	___lldiv@quotient
   822     0731  0873               	movf	___lldiv@divisor+3,w
   823     0732  0472               	iorwf	___lldiv@divisor+2,w
   824     0733  0471               	iorwf	___lldiv@divisor+1,w
   825     0734  0470               	iorwf	___lldiv@divisor,w
   826     0735  1903               	skipnz
   827     0736  2F38               	goto	u121
   828     0737  2F39               	goto	u120
   829     0738                     u121:
   830     0738  2F86               	goto	l816
   831     0739                     u120:
   832     0739                     l798:
   833     0739  01FD               	clrf	___lldiv@counter
   834     073A  0AFD               	incf	___lldiv@counter,f
   835     073B  2F49               	goto	l802
   836     073C                     l800:
   837     073C  3001               	movlw	1
   838     073D  00F8               	movwf	??___lldiv
   839     073E                     u135:
   840     073E  1003               	clrc
   841     073F  0DF0               	rlf	___lldiv@divisor,f
   842     0740  0DF1               	rlf	___lldiv@divisor+1,f
   843     0741  0DF2               	rlf	___lldiv@divisor+2,f
   844     0742  0DF3               	rlf	___lldiv@divisor+3,f
   845     0743  0BF8               	decfsz	??___lldiv,f
   846     0744  2F3E               	goto	u135
   847     0745  3001               	movlw	1
   848     0746  00F8               	movwf	??___lldiv
   849     0747  0878               	movf	??___lldiv,w
   850     0748  07FD               	addwf	___lldiv@counter,f
   851     0749                     l802:
   852     0749  1FF3               	btfss	___lldiv@divisor+3,7
   853     074A  2F4C               	goto	u141
   854     074B  2F4D               	goto	u140
   855     074C                     u141:
   856     074C  2F3C               	goto	l800
   857     074D                     u140:
   858     074D                     l804:
   859     074D  3001               	movlw	1
   860     074E  00F8               	movwf	??___lldiv
   861     074F                     u155:
   862     074F  1003               	clrc
   863     0750  0DF9               	rlf	___lldiv@quotient,f
   864     0751  0DFA               	rlf	___lldiv@quotient+1,f
   865     0752  0DFB               	rlf	___lldiv@quotient+2,f
   866     0753  0DFC               	rlf	___lldiv@quotient+3,f
   867     0754  0BF8               	decfsz	??___lldiv,f
   868     0755  2F4F               	goto	u155
   869     0756                     l806:
   870     0756  0873               	movf	___lldiv@divisor+3,w
   871     0757  0277               	subwf	___lldiv@dividend+3,w
   872     0758  1D03               	skipz
   873     0759  2F64               	goto	u165
   874     075A  0872               	movf	___lldiv@divisor+2,w
   875     075B  0276               	subwf	___lldiv@dividend+2,w
   876     075C  1D03               	skipz
   877     075D  2F64               	goto	u165
   878     075E  0871               	movf	___lldiv@divisor+1,w
   879     075F  0275               	subwf	___lldiv@dividend+1,w
   880     0760  1D03               	skipz
   881     0761  2F64               	goto	u165
   882     0762  0870               	movf	___lldiv@divisor,w
   883     0763  0274               	subwf	___lldiv@dividend,w
   884     0764                     u165:
   885     0764  1C03               	skipc
   886     0765  2F67               	goto	u161
   887     0766  2F68               	goto	u160
   888     0767                     u161:
   889     0767  2F77               	goto	l812
   890     0768                     u160:
   891     0768                     l808:
   892     0768  0870               	movf	___lldiv@divisor,w
   893     0769  02F4               	subwf	___lldiv@dividend,f
   894     076A  0871               	movf	___lldiv@divisor+1,w
   895     076B  1C03               	skipc
   896     076C  0F71               	incfsz	___lldiv@divisor+1,w
   897     076D  02F5               	subwf	___lldiv@dividend+1,f
   898     076E  0872               	movf	___lldiv@divisor+2,w
   899     076F  1C03               	skipc
   900     0770  0F72               	incfsz	___lldiv@divisor+2,w
   901     0771  02F6               	subwf	___lldiv@dividend+2,f
   902     0772  0873               	movf	___lldiv@divisor+3,w
   903     0773  1C03               	skipc
   904     0774  0F73               	incfsz	___lldiv@divisor+3,w
   905     0775  02F7               	subwf	___lldiv@dividend+3,f
   906     0776                     l810:
   907     0776  1479               	bsf	___lldiv@quotient,0
   908     0777                     l812:
   909     0777  3001               	movlw	1
   910     0778                     u175:
   911     0778  1003               	clrc
   912     0779  0CF3               	rrf	___lldiv@divisor+3,f
   913     077A  0CF2               	rrf	___lldiv@divisor+2,f
   914     077B  0CF1               	rrf	___lldiv@divisor+1,f
   915     077C  0CF0               	rrf	___lldiv@divisor,f
   916     077D  3EFF               	addlw	-1
   917     077E  1D03               	skipz
   918     077F  2F78               	goto	u175
   919     0780                     l814:
   920     0780  3001               	movlw	1
   921     0781  02FD               	subwf	___lldiv@counter,f
   922     0782  1D03               	btfss	3,2
   923     0783  2F85               	goto	u181
   924     0784  2F86               	goto	u180
   925     0785                     u181:
   926     0785  2F4D               	goto	l804
   927     0786                     u180:
   928     0786                     l816:
   929     0786  087C               	movf	___lldiv@quotient+3,w
   930     0787  00F3               	movwf	?___lldiv+3
   931     0788  087B               	movf	___lldiv@quotient+2,w
   932     0789  00F2               	movwf	?___lldiv+2
   933     078A  087A               	movf	___lldiv@quotient+1,w
   934     078B  00F1               	movwf	?___lldiv+1
   935     078C  0879               	movf	___lldiv@quotient,w
   936     078D  00F0               	movwf	?___lldiv
   937     078E                     l216:
   938     078E  0008               	return
   939     078F                     __end_of___lldiv:
   940                           
   941                           	psect	text4
   942     068B                     __ptext4:	
   943 ;; *************** function _I2C_Master_Write *****************
   944 ;; Defined at:
   945 ;;		line 65 in file "I2C.c"
   946 ;; Parameters:    Size  Location     Type
   947 ;;  d               2    0[COMMON] unsigned int 
   948 ;; Auto vars:     Size  Location     Type
   949 ;;		None
   950 ;; Return value:  Size  Location     Type
   951 ;;                  1    wreg      void 
   952 ;; Registers used:
   953 ;;		wreg, status,2, status,0, pclath, cstack
   954 ;; Tracked objects:
   955 ;;		On entry : 0/0
   956 ;;		On exit  : 0/0
   957 ;;		Unchanged: 0/0
   958 ;; Data sizes:     COMMON   BANK0   BANK1   BANK3   BANK2
   959 ;;      Params:         2       0       0       0       0
   960 ;;      Locals:         0       0       0       0       0
   961 ;;      Temps:          0       0       0       0       0
   962 ;;      Totals:         2       0       0       0       0
   963 ;;Total ram usage:        2 bytes
   964 ;; Hardware stack levels used: 1
   965 ;; Hardware stack levels required when called: 1
   966 ;; This function calls:
   967 ;;		_I2C_Master_Wait
   968 ;; This function is called by:
   969 ;;		_main
   970 ;; This function uses a non-reentrant model
   971 ;;
   972                           
   973     068B                     _I2C_Master_Write:	
   974                           ;psect for function _I2C_Master_Write
   975                           
   976     068B                     l840:	
   977                           ;incstack = 0
   978                           ; Regs used in _I2C_Master_Write: [wreg+status,2+status,0+pclath+cstack]
   979                           
   980                           
   981                           ;I2C.c: 65: void I2C_Master_Write(unsigned d);I2C.c: 66: {;I2C.c: 67:     I2C_Master_Wai
      +                          t();
   982     068B  120A  118A  2695  120A  118A  	fcall	_I2C_Master_Wait
   983     0690                     l842:
   984                           
   985                           ;I2C.c: 68:     SSPBUF = d;
   986     0690  0870               	movf	I2C_Master_Write@d,w
   987     0691  1283               	bcf	3,5	;RP0=0, select bank0
   988     0692  1303               	bcf	3,6	;RP1=0, select bank0
   989     0693  0093               	movwf	19	;volatile
   990     0694                     l86:
   991     0694  0008               	return
   992     0695                     __end_of_I2C_Master_Write:
   993                           
   994                           	psect	text5
   995     0682                     __ptext5:	
   996 ;; *************** function _I2C_Master_Stop *****************
   997 ;; Defined at:
   998 ;;		line 55 in file "I2C.c"
   999 ;; Parameters:    Size  Location     Type
  1000 ;;		None
  1001 ;; Auto vars:     Size  Location     Type
  1002 ;;		None
  1003 ;; Return value:  Size  Location     Type
  1004 ;;                  1    wreg      void 
  1005 ;; Registers used:
  1006 ;;		wreg, status,2, status,0, pclath, cstack
  1007 ;; Tracked objects:
  1008 ;;		On entry : 0/0
  1009 ;;		On exit  : 0/0
  1010 ;;		Unchanged: 0/0
  1011 ;; Data sizes:     COMMON   BANK0   BANK1   BANK3   BANK2
  1012 ;;      Params:         0       0       0       0       0
  1013 ;;      Locals:         0       0       0       0       0
  1014 ;;      Temps:          0       0       0       0       0
  1015 ;;      Totals:         0       0       0       0       0
  1016 ;;Total ram usage:        0 bytes
  1017 ;; Hardware stack levels used: 1
  1018 ;; Hardware stack levels required when called: 1
  1019 ;; This function calls:
  1020 ;;		_I2C_Master_Wait
  1021 ;; This function is called by:
  1022 ;;		_main
  1023 ;; This function uses a non-reentrant model
  1024 ;;
  1025                           
  1026     0682                     _I2C_Master_Stop:	
  1027                           ;psect for function _I2C_Master_Stop
  1028                           
  1029     0682                     l742:	
  1030                           ;incstack = 0
  1031                           ; Regs used in _I2C_Master_Stop: [wreg+status,2+status,0+pclath+cstack]
  1032                           
  1033                           
  1034                           ;I2C.c: 57:     I2C_Master_Wait();
  1035     0682  120A  118A  2695  120A  118A  	fcall	_I2C_Master_Wait
  1036     0687                     l744:
  1037                           
  1038                           ;I2C.c: 58:     SSPCON2bits.PEN = 1;
  1039     0687  1683               	bsf	3,5	;RP0=1, select bank1
  1040     0688  1303               	bcf	3,6	;RP1=0, select bank1
  1041     0689  1511               	bsf	17,2	;volatile
  1042     068A                     l83:
  1043     068A  0008               	return
  1044     068B                     __end_of_I2C_Master_Stop:
  1045                           
  1046                           	psect	text6
  1047     0679                     __ptext6:	
  1048 ;; *************** function _I2C_Master_Start *****************
  1049 ;; Defined at:
  1050 ;;		line 39 in file "I2C.c"
  1051 ;; Parameters:    Size  Location     Type
  1052 ;;		None
  1053 ;; Auto vars:     Size  Location     Type
  1054 ;;		None
  1055 ;; Return value:  Size  Location     Type
  1056 ;;                  1    wreg      void 
  1057 ;; Registers used:
  1058 ;;		wreg, status,2, status,0, pclath, cstack
  1059 ;; Tracked objects:
  1060 ;;		On entry : 0/0
  1061 ;;		On exit  : 0/0
  1062 ;;		Unchanged: 0/0
  1063 ;; Data sizes:     COMMON   BANK0   BANK1   BANK3   BANK2
  1064 ;;      Params:         0       0       0       0       0
  1065 ;;      Locals:         0       0       0       0       0
  1066 ;;      Temps:          0       0       0       0       0
  1067 ;;      Totals:         0       0       0       0       0
  1068 ;;Total ram usage:        0 bytes
  1069 ;; Hardware stack levels used: 1
  1070 ;; Hardware stack levels required when called: 1
  1071 ;; This function calls:
  1072 ;;		_I2C_Master_Wait
  1073 ;; This function is called by:
  1074 ;;		_main
  1075 ;; This function uses a non-reentrant model
  1076 ;;
  1077                           
  1078     0679                     _I2C_Master_Start:	
  1079                           ;psect for function _I2C_Master_Start
  1080                           
  1081     0679                     l734:	
  1082                           ;incstack = 0
  1083                           ; Regs used in _I2C_Master_Start: [wreg+status,2+status,0+pclath+cstack]
  1084                           
  1085                           
  1086                           ;I2C.c: 41:     I2C_Master_Wait();
  1087     0679  120A  118A  2695  120A  118A  	fcall	_I2C_Master_Wait
  1088     067E                     l736:
  1089                           
  1090                           ;I2C.c: 42:     SSPCON2bits.SEN = 1;
  1091     067E  1683               	bsf	3,5	;RP0=1, select bank1
  1092     067F  1303               	bcf	3,6	;RP1=0, select bank1
  1093     0680  1411               	bsf	17,0	;volatile
  1094     0681                     l77:
  1095     0681  0008               	return
  1096     0682                     __end_of_I2C_Master_Start:
  1097                           
  1098                           	psect	text7
  1099     06C3                     __ptext7:	
  1100 ;; *************** function _I2C_Master_Read *****************
  1101 ;; Defined at:
  1102 ;;		line 74 in file "I2C.c"
  1103 ;; Parameters:    Size  Location     Type
  1104 ;;  a               2    0[COMMON] unsigned short 
  1105 ;; Auto vars:     Size  Location     Type
  1106 ;;  temp            2    4[COMMON] unsigned short 
  1107 ;; Return value:  Size  Location     Type
  1108 ;;                  2    0[COMMON] unsigned short 
  1109 ;; Registers used:
  1110 ;;		wreg, status,2, status,0, pclath, cstack
  1111 ;; Tracked objects:
  1112 ;;		On entry : 0/0
  1113 ;;		On exit  : 0/0
  1114 ;;		Unchanged: 0/0
  1115 ;; Data sizes:     COMMON   BANK0   BANK1   BANK3   BANK2
  1116 ;;      Params:         2       0       0       0       0
  1117 ;;      Locals:         2       0       0       0       0
  1118 ;;      Temps:          2       0       0       0       0
  1119 ;;      Totals:         6       0       0       0       0
  1120 ;;Total ram usage:        6 bytes
  1121 ;; Hardware stack levels used: 1
  1122 ;; Hardware stack levels required when called: 1
  1123 ;; This function calls:
  1124 ;;		_I2C_Master_Wait
  1125 ;; This function is called by:
  1126 ;;		_main
  1127 ;; This function uses a non-reentrant model
  1128 ;;
  1129                           
  1130     06C3                     _I2C_Master_Read:	
  1131                           ;psect for function _I2C_Master_Read
  1132                           
  1133     06C3                     l844:	
  1134                           ;incstack = 0
  1135                           ; Regs used in _I2C_Master_Read: [wreg+status,2+status,0+pclath+cstack]
  1136                           
  1137                           
  1138                           ;I2C.c: 74: unsigned short I2C_Master_Read(unsigned short a);I2C.c: 75: {;I2C.c: 76:    
      +                           unsigned short temp;;I2C.c: 77:     I2C_Master_Wait();
  1139     06C3  120A  118A  2695  120A  118A  	fcall	_I2C_Master_Wait
  1140     06C8                     l846:
  1141                           
  1142                           ;I2C.c: 78:     SSPCON2bits.RCEN = 1;
  1143     06C8  1683               	bsf	3,5	;RP0=1, select bank1
  1144     06C9  1303               	bcf	3,6	;RP1=0, select bank1
  1145     06CA  1591               	bsf	17,3	;volatile
  1146                           
  1147                           ;I2C.c: 79:     I2C_Master_Wait();
  1148     06CB  120A  118A  2695  120A  118A  	fcall	_I2C_Master_Wait
  1149     06D0                     l848:
  1150                           
  1151                           ;I2C.c: 80:     temp = SSPBUF;
  1152     06D0  1283               	bcf	3,5	;RP0=0, select bank0
  1153     06D1  1303               	bcf	3,6	;RP1=0, select bank0
  1154     06D2  0813               	movf	19,w	;volatile
  1155     06D3  00F2               	movwf	??_I2C_Master_Read
  1156     06D4  01F3               	clrf	??_I2C_Master_Read+1
  1157     06D5  0872               	movf	??_I2C_Master_Read,w
  1158     06D6  00F4               	movwf	I2C_Master_Read@temp
  1159     06D7  0873               	movf	??_I2C_Master_Read+1,w
  1160     06D8  00F5               	movwf	I2C_Master_Read@temp+1
  1161     06D9                     l850:
  1162                           
  1163                           ;I2C.c: 81:     I2C_Master_Wait();
  1164     06D9  120A  118A  2695  120A  118A  	fcall	_I2C_Master_Wait
  1165     06DE                     l852:
  1166                           
  1167                           ;I2C.c: 82:     if(a == 1){
  1168     06DE  0370               	decf	I2C_Master_Read@a,w
  1169     06DF  0471               	iorwf	I2C_Master_Read@a+1,w
  1170     06E0  1D03               	btfss	3,2
  1171     06E1  2EE3               	goto	u201
  1172     06E2  2EE4               	goto	u200
  1173     06E3                     u201:
  1174     06E3  2EE8               	goto	l89
  1175     06E4                     u200:
  1176     06E4                     l854:
  1177                           
  1178                           ;I2C.c: 83:         SSPCON2bits.ACKDT = 0;
  1179     06E4  1683               	bsf	3,5	;RP0=1, select bank1
  1180     06E5  1303               	bcf	3,6	;RP1=0, select bank1
  1181     06E6  1291               	bcf	17,5	;volatile
  1182                           
  1183                           ;I2C.c: 84:     }else{
  1184     06E7  2EEB               	goto	l90
  1185     06E8                     l89:
  1186                           
  1187                           ;I2C.c: 85:         SSPCON2bits.ACKDT = 1;
  1188     06E8  1683               	bsf	3,5	;RP0=1, select bank1
  1189     06E9  1303               	bcf	3,6	;RP1=0, select bank1
  1190     06EA  1691               	bsf	17,5	;volatile
  1191     06EB                     l90:	
  1192                           ;I2C.c: 86:     }
  1193                           
  1194                           
  1195                           ;I2C.c: 87:     SSPCON2bits.ACKEN = 1;
  1196     06EB  1611               	bsf	17,4	;volatile
  1197     06EC                     l856:
  1198                           
  1199                           ;I2C.c: 88:     return temp;
  1200     06EC  0875               	movf	I2C_Master_Read@temp+1,w
  1201     06ED  00F1               	movwf	?_I2C_Master_Read+1
  1202     06EE  0874               	movf	I2C_Master_Read@temp,w
  1203     06EF  00F0               	movwf	?_I2C_Master_Read
  1204     06F0                     l91:
  1205     06F0  0008               	return
  1206     06F1                     __end_of_I2C_Master_Read:
  1207                           
  1208                           	psect	text8
  1209     0695                     __ptext8:	
  1210 ;; *************** function _I2C_Master_Wait *****************
  1211 ;; Defined at:
  1212 ;;		line 32 in file "I2C.c"
  1213 ;; Parameters:    Size  Location     Type
  1214 ;;		None
  1215 ;; Auto vars:     Size  Location     Type
  1216 ;;		None
  1217 ;; Return value:  Size  Location     Type
  1218 ;;                  1    wreg      void 
  1219 ;; Registers used:
  1220 ;;		wreg, status,2
  1221 ;; Tracked objects:
  1222 ;;		On entry : 0/0
  1223 ;;		On exit  : 0/0
  1224 ;;		Unchanged: 0/0
  1225 ;; Data sizes:     COMMON   BANK0   BANK1   BANK3   BANK2
  1226 ;;      Params:         0       0       0       0       0
  1227 ;;      Locals:         0       0       0       0       0
  1228 ;;      Temps:          0       0       0       0       0
  1229 ;;      Totals:         0       0       0       0       0
  1230 ;;Total ram usage:        0 bytes
  1231 ;; Hardware stack levels used: 1
  1232 ;; This function calls:
  1233 ;;		Nothing
  1234 ;; This function is called by:
  1235 ;;		_I2C_Master_Start
  1236 ;;		_I2C_Master_Stop
  1237 ;;		_I2C_Master_Write
  1238 ;;		_I2C_Master_Read
  1239 ;;		_I2C_Master_RepeatedStart
  1240 ;; This function uses a non-reentrant model
  1241 ;;
  1242                           
  1243     0695                     _I2C_Master_Wait:	
  1244                           ;psect for function _I2C_Master_Wait
  1245                           
  1246     0695                     l722:	
  1247                           ;incstack = 0
  1248                           ; Regs used in _I2C_Master_Wait: [wreg+status,2]
  1249                           
  1250     0695                     l71:	
  1251                           ;I2C.c: 34:     while ((SSPSTAT & 0x04) || (SSPCON2 & 0x1F));
  1252                           
  1253     0695  1683               	bsf	3,5	;RP0=1, select bank1
  1254     0696  1303               	bcf	3,6	;RP1=0, select bank1
  1255     0697  1914               	btfsc	20,2	;volatile
  1256     0698  2E9A               	goto	u91
  1257     0699  2E9B               	goto	u90
  1258     069A                     u91:
  1259     069A  2E95               	goto	l71
  1260     069B                     u90:
  1261     069B                     l724:
  1262     069B  0811               	movf	17,w	;volatile
  1263     069C  391F               	andlw	31
  1264     069D  1D03               	btfss	3,2
  1265     069E  2EA0               	goto	u101
  1266     069F  2EA1               	goto	u100
  1267     06A0                     u101:
  1268     06A0  2E95               	goto	l71
  1269     06A1                     u100:
  1270     06A1                     l74:
  1271     06A1  0008               	return
  1272     06A2                     __end_of_I2C_Master_Wait:
  1273     007E                     btemp	set	126	;btemp
  1274     007E                     wtemp0	set	126
  1275                           
  1276                           	psect	idloc
  1277                           
  1278                           ;Config register IDLOC0 @ 0x2000
  1279                           ;	unspecified, using default values
  1280     2000                     	org	8192
  1281     2000  3FFF               	dw	16383
  1282                           
  1283                           ;Config register IDLOC1 @ 0x2001
  1284                           ;	unspecified, using default values
  1285     2001                     	org	8193
  1286     2001  3FFF               	dw	16383
  1287                           
  1288                           ;Config register IDLOC2 @ 0x2002
  1289                           ;	unspecified, using default values
  1290     2002                     	org	8194
  1291     2002  3FFF               	dw	16383
  1292                           
  1293                           ;Config register IDLOC3 @ 0x2003
  1294                           ;	unspecified, using default values
  1295     2003                     	org	8195
  1296     2003  3FFF               	dw	16383
  1297                           
  1298                           	psect	config
  1299                           
  1300                           ;Config register CONFIG1 @ 0x2007
  1301                           ;	Oscillator Selection bits
  1302                           ;	FOSC = EXTRC_NOCLKOUT, RCIO oscillator: I/O function on RA6/OSC2/CLKOUT pin, RC on RA7
      +                          /OSC1/CLKIN
  1303                           ;	Watchdog Timer Enable bit
  1304                           ;	WDTE = OFF, WDT disabled and can be enabled by SWDTEN bit of the WDTCON register
  1305                           ;	Power-up Timer Enable bit
  1306                           ;	PWRTE = OFF, PWRT disabled
  1307                           ;	RE3/MCLR pin function select bit
  1308                           ;	MCLRE = OFF, RE3/MCLR pin function is digital input, MCLR internally tied to VDD
  1309                           ;	Code Protection bit
  1310                           ;	CP = OFF, Program memory code protection is disabled
  1311                           ;	Data Code Protection bit
  1312                           ;	CPD = OFF, Data memory code protection is disabled
  1313                           ;	Brown Out Reset Selection bits
  1314                           ;	BOREN = OFF, BOR disabled
  1315                           ;	Internal External Switchover bit
  1316                           ;	IESO = OFF, Internal/External Switchover mode is disabled
  1317                           ;	Fail-Safe Clock Monitor Enabled bit
  1318                           ;	FCMEN = OFF, Fail-Safe Clock Monitor is disabled
  1319                           ;	Low Voltage Programming Enable bit
  1320                           ;	LVP = OFF, RB3 pin has digital I/O, HV on MCLR must be used for programming
  1321                           ;	In-Circuit Debugger Mode bit
  1322                           ;	DEBUG = 0x1, unprogrammed default
  1323     2007                     	org	8199
  1324     2007  20D6               	dw	8406
  1325                           
  1326                           ;Config register CONFIG2 @ 0x2008
  1327                           ;	Brown-out Reset Selection bit
  1328                           ;	BOR4V = BOR40V, Brown-out Reset set to 4.0V
  1329                           ;	Flash Program Memory Self Write Enable bits
  1330                           ;	WRT = OFF, Write protection off
  1331     2008                     	org	8200
  1332     2008  3FFF               	dw	16383

Data Sizes:
    Strings     0
    Constant    0
    Data        0
    BSS         0
    Persistent  0
    Stack       0

Auto Spaces:
    Space          Size  Autos    Used
    COMMON           14     14      14
    BANK0            80     11      11
    BANK1            80      0       0
    BANK3            96      0       0
    BANK2            96      0       0

Pointer List with Targets:

    None.

Critical Paths under _main in COMMON

    _I2C_Master_Init->___lldiv

Critical Paths under _main in BANK0

    _setup->_I2C_Master_Init

Critical Paths under _main in BANK1

    None.

Critical Paths under _main in BANK3

    None.

Critical Paths under _main in BANK2

    None.

Call Graph Tables:

 ---------------------------------------------------------------------------------
 (Depth) Function   	        Calls       Base Space   Used Autos Params    Refs
 ---------------------------------------------------------------------------------
 (0) _main                                                 3     3      0     783
                                              8 BANK0      3     3      0
                    _I2C_Master_Read
                   _I2C_Master_Start
                    _I2C_Master_Stop
                   _I2C_Master_Write
                              _setup
 ---------------------------------------------------------------------------------
 (1) _setup                                                0     0      0     412
                    _I2C_Master_Init
 ---------------------------------------------------------------------------------
 (2) _I2C_Master_Init                                      8     4      4     412
                                              0 BANK0      8     4      4
                            ___lldiv
 ---------------------------------------------------------------------------------
 (3) ___lldiv                                             14     6      8     314
                                              0 COMMON    14     6      8
 ---------------------------------------------------------------------------------
 (1) _I2C_Master_Write                                     2     0      2     250
                                              0 COMMON     2     0      2
                    _I2C_Master_Wait
 ---------------------------------------------------------------------------------
 (1) _I2C_Master_Stop                                      0     0      0       0
                    _I2C_Master_Wait
 ---------------------------------------------------------------------------------
 (1) _I2C_Master_Start                                     0     0      0       0
                    _I2C_Master_Wait
 ---------------------------------------------------------------------------------
 (1) _I2C_Master_Read                                      6     4      2     121
                                              0 COMMON     6     4      2
                    _I2C_Master_Wait
 ---------------------------------------------------------------------------------
 (2) _I2C_Master_Wait                                      0     0      0       0
 ---------------------------------------------------------------------------------
 Estimated maximum stack depth 3
 ---------------------------------------------------------------------------------

 Call Graph Graphs:

 _main (ROOT)
   _I2C_Master_Read
     _I2C_Master_Wait
   _I2C_Master_Start
     _I2C_Master_Wait
   _I2C_Master_Stop
     _I2C_Master_Wait
   _I2C_Master_Write
     _I2C_Master_Wait
   _setup
     _I2C_Master_Init
       ___lldiv

 Address spaces:
Name               Size   Autos  Total    Cost      Usage
BITCOMMON            E      0       0       0        0.0%
EEDATA             100      0       0       0        0.0%
NULL                 0      0       0       0        0.0%
CODE                 0      0       0       0        0.0%
COMMON               E      E       E       1      100.0%
BITSFR0              0      0       0       1        0.0%
SFR0                 0      0       0       1        0.0%
BITSFR1              0      0       0       2        0.0%
SFR1                 0      0       0       2        0.0%
STACK                0      0       0       2        0.0%
ABS                  0      0       0       3        0.0%
BITBANK0            50      0       0       4        0.0%
BITSFR3              0      0       0       4        0.0%
SFR3                 0      0       0       4        0.0%
BANK0               50      B       B       5       13.8%
BITSFR2              0      0       0       5        0.0%
SFR2                 0      0       0       5        0.0%
BITBANK1            50      0       0       6        0.0%
BANK1               50      0       0       7        0.0%
BITBANK3            60      0       0       8        0.0%
BANK3               60      0       0       9        0.0%
BITBANK2            60      0       0      10        0.0%
BANK2               60      0       0      11        0.0%
DATA                 0      0       0      12        0.0%


Microchip Technology PIC Macro Assembler V2.40 build 20220703182018 
Symbol Table                                                                                   Wed Aug 02 22:49:41 2023

                      l33 0794                        l71 0695                        l39 06C2  
                      l74 06A1                        l90 06EB                        l91 06F0  
                      l83 068A                        l68 0728                        l77 0681  
                      l86 0694                        l89 06E8                        u90 069B  
                      u91 069A                       l216 078E                       l800 073C  
                     l722 0695                       l810 0776                       l802 0749  
                     l724 069B                       l812 0777                       l804 074D  
                     l820 06F1                       l734 0679                       l742 0682  
                     l814 0780                       l806 0756                       l830 0727  
                     l822 06F5                       l736 067E                       l744 0687  
                     l840 068B                       l808 0768                       l816 0786  
                     l824 06F8                       l832 06A2                       l850 06D9  
                     l842 0690                       l826 0725                       l834 06AE  
                     l852 06DE                       l844 06C3                       l828 0726  
                     l836 06B2                       l860 078F                       l854 06E4  
                     l846 06C8                       l838 06B3                       l870 07DE  
                     l862 07B5                       l856 06EC                       l848 06D0  
                     l872 07E3                       l864 07C4                       l874 07F2  
                     l866 07C9                       l796 0729                       l868 07D2  
                     l798 0739                       _GIE 005F                       u100 06A1  
                     u101 06A0                       u200 06E4                       u120 0739  
                     u201 06E3                       u121 0738                       u140 074D  
                     u141 074C                       u135 073E                       u160 0768  
                     u161 0767                       u217 07BD                       u155 074F  
                     u227 07EB                       u180 0786                       u181 0785  
                     u165 0764                       u190 0708                       u175 0778  
                     u195 0703                      _PEIE 005E                      _main 078F  
                    btemp 007E                      start 0000          ?_I2C_Master_Init 0020  
        ?_I2C_Master_Read 0070          ?_I2C_Master_Wait 0070          ?_I2C_Master_Stop 0070  
                   ?_main 0070                     _ANSEL 0188           __end_of___lldiv 078F  
                   _PORTB 0006                     _PORTD 0008                     _TRISB 0086  
                   _TRISD 0088                     _SSPIE 0463                     _SSPIF 0063  
                   _setup 06A2                     status 0003                     wtemp0 007E  
         __initialization 07FC              __end_of_main 07FC                    ??_main 0028  
       ?_I2C_Master_Start 0070         ?_I2C_Master_Write 0070        ??_I2C_Master_Start 0070  
      ??_I2C_Master_Write 0072                    ?_setup 0070                    _ANSELH 0189  
                  _SSPADD 0093                    _TRISC3 043B                    _TRISC4 043C  
                  _SSPCON 0014                    _SSPBUF 0013                 ??___lldiv 0078  
 __end_of__initialization 07FC            __pcstackCOMMON 0070             __end_of_setup 06C3  
                 ??_setup 007E                __pmaintext 078F                   _SSPCON2 0091  
                 _SSPSTAT 0094                   ___lldiv 0729                   __ptext1 06A2  
                 __ptext2 06F1                   __ptext3 0729                   __ptext4 068B  
                 __ptext5 0682                   __ptext6 0679                   __ptext7 06C3  
                 __ptext8 0695      end_of_initialization 07FC           ___lldiv@divisor 0070  
         ___lldiv@counter 007D          I2C_Master_Init@c 0020          I2C_Master_Read@a 0070  
               _TRISCbits 0087       start_initialization 07FC         ??_I2C_Master_Init 0024  
       ??_I2C_Master_Read 0072         ??_I2C_Master_Wait 0070         ??_I2C_Master_Stop 0070  
               ___latbits 0002             __pcstackBANK0 0020          _I2C_Master_Start 0679  
        _I2C_Master_Write 068B                  ?___lldiv 0070       I2C_Master_Read@temp 0074  
         _I2C_Master_Init 06F1           _I2C_Master_Read 06C3           _I2C_Master_Wait 0695  
         _I2C_Master_Stop 0682  __end_of_I2C_Master_Start 0682  __end_of_I2C_Master_Write 0695  
        ___lldiv@dividend 0074                _OSCCONbits 008F   __end_of_I2C_Master_Init 0729  
 __end_of_I2C_Master_Read 06F1   __end_of_I2C_Master_Wait 06A2   __end_of_I2C_Master_Stop 068B  
        ___lldiv@quotient 0079         I2C_Master_Write@d 0070               _SSPCON2bits 0091  
